#
# There is insufficient memory for the Java Runtime Environment to continue.
# Native memory allocation (mmap) failed to map 32768 bytes for committing reserved memory.
# Possible reasons:
#   The system is out of physical RAM or swap space
#   In 32 bit mode, the process size limit was hit
# Possible solutions:
#   Reduce memory load on the system
#   Increase physical memory or swap space
#   Check if swap backing store is full
#   Use 64 bit Java on a 64 bit OS
#   Decrease Java heap size (-Xmx/-Xms)
#   Decrease number of Java threads
#   Decrease Java thread stack sizes (-Xss)
#   Set larger code cache with -XX:ReservedCodeCacheSize=
# This output file may be truncated or incomplete.
#
#  Out of Memory Error (os_linux.cpp:2627), pid=32037, tid=0x6348fb40
#
# JRE version: Java(TM) SE Runtime Environment (8.0_101-b13) (build 1.8.0_101-b13)
# Java VM: Java HotSpot(TM) Server VM (25.101-b13 mixed mode linux-x86 )
# Failed to write core dump. Core dumps have been disabled. To enable core dumping, try "ulimit -c unlimited" before starting Java again
#

---------------  T H R E A D  ---------------

Current thread (0x63aa4800):  JavaThread "C2 CompilerThread0" daemon [_thread_in_vm, id=32205, stack(0x6340f000,0x63490000)]

Stack: [0x6340f000,0x63490000],  sp=0x6348d4a0,  free space=505k
Native frames: (J=compiled Java code, j=interpreted, Vv=VM code, C=native code)
V  [libjvm.so+0x8d431f]  VMError::report_and_die()+0x16f
V  [libjvm.so+0x38ddb5]  report_vm_out_of_memory(char const*, int, unsigned int, VMErrorType, char const*)+0x55
V  [libjvm.so+0x756326]  os::Linux::commit_memory_impl(char*, unsigned int, bool)+0xe6
V  [libjvm.so+0x7567f8]  os::pd_commit_memory(char*, unsigned int, unsigned int, bool)+0x28
V  [libjvm.so+0x75071c]  os::commit_memory(char*, unsigned int, unsigned int, bool)+0x2c
V  [libjvm.so+0x8d03bc]  VirtualSpace::expand_by(unsigned int, bool)+0x1ec
V  [libjvm.so+0x4a4535]  CodeHeap::expand_by(unsigned int)+0x65
V  [libjvm.so+0x31f612]  CodeCache::allocate(int, bool)+0x72
V  [libjvm.so+0x31a563]  BufferBlob::create(char const*, int)+0x93
V  [libjvm.so+0x31e33c]  CodeBuffer::initialize(int, int)+0x2c
V  [libjvm.so+0x76885d]  Compile::init_buffer(unsigned int*)+0x22d
V  [libjvm.so+0x76e238]  Compile::Output()+0x378
V  [libjvm.so+0x33a869]  Compile::Code_Gen()+0x339
V  [libjvm.so+0x33f319]  Compile::Compile(ciEnv*, C2Compiler*, ciMethod*, int, bool, bool, bool)+0x1289
V  [libjvm.so+0x295004]  C2Compiler::compile_method(ciEnv*, ciMethod*, int)+0x1b4
V  [libjvm.so+0x349a61]  CompileBroker::invoke_compiler_on_method(CompileTask*)+0xda1
V  [libjvm.so+0x34a877]  CompileBroker::compiler_thread_loop()+0x567
V  [libjvm.so+0x87d608]  compiler_thread_entry(JavaThread*, Thread*)+0x18
V  [libjvm.so+0x887bc9]  JavaThread::thread_main_inner()+0x109
V  [libjvm.so+0x887d4b]  JavaThread::run()+0x14b
V  [libjvm.so+0x758969]  java_start(Thread*)+0x119
C  [libpthread.so.0+0x6f72]  start_thread+0xd2
C  [libc.so.6+0xebf8e]  clone+0x5e


Current CompileTask:
C2:  51324 1474       4       com.android.dx.ssa.SCCP::simulateStmt (481 bytes)


---------------  P R O C E S S  ---------------

Java Threads: ( => current thread )
  0x63aaac00 JavaThread "Service Thread" daemon [_thread_blocked, id=32213, stack(0x632bc000,0x6330d000)]
  0x63aa7c00 JavaThread "C1 CompilerThread2" daemon [_thread_blocked, id=32209, stack(0x6330d000,0x6338e000)]
  0x63aa6400 JavaThread "C2 CompilerThread1" daemon [_thread_in_vm, id=32206, stack(0x6338e000,0x6340f000)]
=>0x63aa4800 JavaThread "C2 CompilerThread0" daemon [_thread_in_vm, id=32205, stack(0x6340f000,0x63490000)]
  0x63aa2c00 JavaThread "Signal Dispatcher" daemon [_thread_blocked, id=32196, stack(0x63b09000,0x63b5a000)]
  0x63a88c00 JavaThread "Finalizer" daemon [_thread_blocked, id=32195, stack(0x6672e000,0x6677f000)]
  0x63a86000 JavaThread "Reference Handler" daemon [_thread_blocked, id=32190, stack(0x6692e000,0x6697f000)]
  0xb6607800 JavaThread "main" [_thread_blocked, id=32138, stack(0xb670e000,0xb675f000)]

Other Threads:
  0x63a81800 VMThread [stack: 0x63b5a000,0x63bdb000] [id=32185]
  0x63aae000 WatcherThread [stack: 0x6323b000,0x632bc000] [id=32219]

VM state:synchronizing (normal execution)

VM Mutex/Monitor currently owned by a thread:  ([mutex/lock_event])
[0xb66044f8] CodeCache_lock - owner thread: 0x63aa4800
[0xb6604f20] Threads_lock - owner thread: 0x63a81800

Heap:
 PSYoungGen      total 66048K, used 50776K [0x91ac0000, 0x95dc0000, 0xa7000000)
  eden space 63488K, 75% used [0x91ac0000,0x949d65a8,0x958c0000)
  from space 2560K, 99% used [0x95b40000,0x95dbfae8,0x95dc0000)
  to   space 2560K, 0% used [0x958c0000,0x958c0000,0x95b40000)
 ParOldGen       total 42496K, used 13015K [0x67000000, 0x69980000, 0x91ac0000)
  object space 42496K, 30% used [0x67000000,0x67cb5c20,0x69980000)
 Metaspace       used 3915K, capacity 3942K, committed 3992K, reserved 4400K

Card table byte_map: [0x66dff000,0x67000000] byte_map_base: 0x66ac7000

Marking Bits: (ParMarkBitMap*) 0xb71ae8e0
 Begin Bits: [0x64600000, 0x65600000)
 End Bits:   [0x65600000, 0x66600000)

Polling page: 0xb77ba000

CodeCache: size=245760Kb used=5381Kb max_used=5387Kb free=240378Kb
 bounds [0xa7573000, 0xa7abb000, 0xb6573000]
 total_blobs=1790 nmethods=1629 adapters=71
 compilation: enabled

Compilation events (10 events):
Event: 27.186 Thread 0x63aa4800 nmethod 1467 0xa7ab0788 code [0xa7ab08a0, 0xa7ab0ad0]
Event: 27.186 Thread 0x63aa4800 1471       4       com.android.dx.rop.code.LocalItem::compareTo (32 bytes)
Event: 27.189 Thread 0x63aa4800 nmethod 1471 0xa7aaddc8 code [0xa7aadee0, 0xa7aae190]
Event: 27.189 Thread 0x63aa4800 1474       4       com.android.dx.ssa.SCCP::simulateStmt (481 bytes)
Event: 27.228 Thread 0x63aa7c00 1727   !   2       com.android.dx.rop.code.RegisterSpec::intern (70 bytes)
Event: 27.229 Thread 0x63aa7c00 nmethod 1727 0xa7aad3c8 code [0xa7aad560, 0xa7aad97c]
Event: 27.233 Thread 0x63aa7c00 1730       2       com.android.dx.rop.code.BasicBlockList$RegCountVisitor::visitThrowingInsn (6 bytes)
Event: 27.233 Thread 0x63aa7c00 nmethod 1730 0xa7aad148 code [0xa7aad260, 0xa7aad34c]
Event: 27.245 Thread 0x63aa7c00 1734       2       com.android.dx.rop.cst.CstFloat::getType (4 bytes)
Event: 27.245 Thread 0x63aa7c00 nmethod 1734 0xa7aa6548 code [0xa7aa6660, 0xa7aa6720]

GC Heap History (8 events):
Event: 2.891 GC heap before
{Heap before GC invocations=1 (full 0):
 PSYoungGen      total 18432K, used 15872K [0x91ac0000, 0x92f40000, 0xa7000000)
  eden space 15872K, 100% used [0x91ac0000,0x92a40000,0x92a40000)
  from space 2560K, 0% used [0x92cc0000,0x92cc0000,0x92f40000)
  to   space 2560K, 0% used [0x92a40000,0x92a40000,0x92cc0000)
 ParOldGen       total 42496K, used 0K [0x67000000, 0x69980000, 0x91ac0000)
  object space 42496K, 0% used [0x67000000,0x67000000,0x69980000)
 Metaspace       used 3600K, capacity 3678K, committed 3736K, reserved 4400K
Event: 3.003 GC heap after
Heap after GC invocations=1 (full 0):
 PSYoungGen      total 18432K, used 2557K [0x91ac0000, 0x93ec0000, 0xa7000000)
  eden space 15872K, 0% used [0x91ac0000,0x91ac0000,0x92a40000)
  from space 2560K, 99% used [0x92a40000,0x92cbf520,0x92cc0000)
  to   space 2560K, 0% used [0x93c40000,0x93c40000,0x93ec0000)
 ParOldGen       total 42496K, used 1476K [0x67000000, 0x69980000, 0x91ac0000)
  object space 42496K, 3% used [0x67000000,0x67171168,0x69980000)
 Metaspace       used 3600K, capacity 3678K, committed 3736K, reserved 4400K
}
Event: 4.134 GC heap before
{Heap before GC invocations=2 (full 0):
 PSYoungGen      total 18432K, used 18429K [0x91ac0000, 0x93ec0000, 0xa7000000)
  eden space 15872K, 100% used [0x91ac0000,0x92a40000,0x92a40000)
  from space 2560K, 99% used [0x92a40000,0x92cbf520,0x92cc0000)
  to   space 2560K, 0% used [0x93c40000,0x93c40000,0x93ec0000)
 ParOldGen       total 42496K, used 1476K [0x67000000, 0x69980000, 0x91ac0000)
  object space 42496K, 3% used [0x67000000,0x67171168,0x69980000)
 Metaspace       used 3722K, capacity 3774K, committed 3864K, reserved 4400K
Event: 4.158 GC heap after
Heap after GC invocations=2 (full 0):
 PSYoungGen      total 34304K, used 2553K [0x91ac0000, 0x93ec0000, 0xa7000000)
  eden space 31744K, 0% used [0x91ac0000,0x91ac0000,0x939c0000)
  from space 2560K, 99% used [0x93c40000,0x93ebe460,0x93ec0000)
  to   space 2560K, 0% used [0x939c0000,0x939c0000,0x93c40000)
 ParOldGen       total 42496K, used 3809K [0x67000000, 0x69980000, 0x91ac0000)
  object space 42496K, 8% used [0x67000000,0x673b8610,0x69980000)
 Metaspace       used 3722K, capacity 3774K, committed 3864K, reserved 4400K
}
Event: 17.656 GC heap before
{Heap before GC invocations=3 (full 0):
 PSYoungGen      total 34304K, used 34297K [0x91ac0000, 0x93ec0000, 0xa7000000)
  eden space 31744K, 100% used [0x91ac0000,0x939c0000,0x939c0000)
  from space 2560K, 99% used [0x93c40000,0x93ebe460,0x93ec0000)
  to   space 2560K, 0% used [0x939c0000,0x939c0000,0x93c40000)
 ParOldGen       total 42496K, used 3809K [0x67000000, 0x69980000, 0x91ac0000)
  object space 42496K, 8% used [0x67000000,0x673b8610,0x69980000)
 Metaspace       used 3867K, capacity 3878K, committed 3992K, reserved 4400K
Event: 18.100 GC heap after
Heap after GC invocations=3 (full 0):
 PSYoungGen      total 34304K, used 2556K [0x91ac0000, 0x95dc0000, 0xa7000000)
  eden space 31744K, 0% used [0x91ac0000,0x91ac0000,0x939c0000)
  from space 2560K, 99% used [0x939c0000,0x93c3f070,0x93c40000)
  to   space 2560K, 0% used [0x95b40000,0x95b40000,0x95dc0000)
 ParOldGen       total 42496K, used 8252K [0x67000000, 0x69980000, 0x91ac0000)
  object space 42496K, 19% used [0x67000000,0x6780f0f8,0x69980000)
 Metaspace       used 3867K, capacity 3878K, committed 3992K, reserved 4400K
}
Event: 25.137 GC heap before
{Heap before GC invocations=4 (full 0):
 PSYoungGen      total 34304K, used 34300K [0x91ac0000, 0x95dc0000, 0xa7000000)
  eden space 31744K, 100% used [0x91ac0000,0x939c0000,0x939c0000)
  from space 2560K, 99% used [0x939c0000,0x93c3f070,0x93c40000)
  to   space 2560K, 0% used [0x95b40000,0x95b40000,0x95dc0000)
 ParOldGen       total 42496K, used 8252K [0x67000000, 0x69980000, 0x91ac0000)
  object space 42496K, 19% used [0x67000000,0x6780f0f8,0x69980000)
 Metaspace       used 3889K, capacity 3910K, committed 3992K, reserved 4400K
Event: 25.154 GC heap after
Heap after GC invocations=4 (full 0):
 PSYoungGen      total 66048K, used 2558K [0x91ac0000, 0x95dc0000, 0xa7000000)
  eden space 63488K, 0% used [0x91ac0000,0x91ac0000,0x958c0000)
  from space 2560K, 99% used [0x95b40000,0x95dbfae8,0x95dc0000)
  to   space 2560K, 0% used [0x958c0000,0x958c0000,0x95b40000)
 ParOldGen       total 42496K, used 13015K [0x67000000, 0x69980000, 0x91ac0000)
  object space 42496K, 30% used [0x67000000,0x67cb5c20,0x69980000)
 Metaspace       used 3889K, capacity 3910K, committed 3992K, reserved 4400K
}

Deoptimization events (10 events):
Event: 4.728 Thread 0xb6607800 Uncommon trap: reason=class_check action=maybe_recompile pc=0xa79c2a24 method=java.util.HashMap.putVal(ILjava/lang/Object;Ljava/lang/Object;ZZ)Ljava/lang/Object; @ 203
Event: 4.728 Thread 0xb6607800 Uncommon trap: reason=bimorphic action=maybe_recompile pc=0xa77acf54 method=java.util.HashMap.getNode(ILjava/lang/Object;)Ljava/util/HashMap$Node; @ 126
Event: 4.728 Thread 0xb6607800 Uncommon trap: reason=class_check action=maybe_recompile pc=0xa79c2a24 method=java.util.HashMap.putVal(ILjava/lang/Object;Ljava/lang/Object;ZZ)Ljava/lang/Object; @ 203
Event: 4.827 Thread 0xb6607800 Uncommon trap: reason=unstable_if action=reinterpret pc=0xa77bdda8 method=java.util.HashMap.putVal(ILjava/lang/Object;Ljava/lang/Object;ZZ)Ljava/lang/Object; @ 162
Event: 8.496 Thread 0xb6607800 Uncommon trap: reason=unstable_if action=reinterpret pc=0xa7a11424 method=java.util.HashMap.getNode(ILjava/lang/Object;)Ljava/util/HashMap$Node; @ 84
Event: 23.807 Thread 0xb6607800 Uncommon trap: reason=unstable_if action=reinterpret pc=0xa7a4a87c method=com.android.dx.ssa.SCCP.simulateBranch(Lcom/android/dx/ssa/SsaInsn;)V @ 548
Event: 25.235 Thread 0xb6607800 Uncommon trap: reason=bimorphic action=maybe_recompile pc=0xa7a6a230 method=com.android.dx.rop.code.RegisterSpec.withSimpleType()Lcom/android/dx/rop/code/RegisterSpec; @ 21
Event: 25.265 Thread 0xb6607800 Uncommon trap: reason=bimorphic action=maybe_recompile pc=0xa7a6a230 method=com.android.dx.rop.code.RegisterSpec.withSimpleType()Lcom/android/dx/rop/code/RegisterSpec; @ 21
Event: 25.283 Thread 0xb6607800 Uncommon trap: reason=bimorphic action=maybe_recompile pc=0xa774b85c method=java.util.HashMap.getNode(ILjava/lang/Object;)Ljava/util/HashMap$Node; @ 126
Event: 27.228 Thread 0xb6607800 Uncommon trap: reason=unstable_if action=reinterpret pc=0xa7aa9ac8 method=java.util.HashMap.putVal(ILjava/lang/Object;Ljava/lang/Object;ZZ)Ljava/lang/Object; @ 109

Internal exceptions (5 events):
Event: 0.524 Thread 0xb6607800 Exception <a 'java/lang/NoSuchMethodError': Method sun.misc.Unsafe.defineClass(Ljava/lang/String;[BII)Ljava/lang/Class; name or signature does not match> (0x91ac6ea0) thrown at [/HUDSON/workspace/8-2-build-linux-i586/jdk8u101/7261/hotspot/src/share/vm/pri
Event: 0.524 Thread 0xb6607800 Exception <a 'java/lang/NoSuchMethodError': Method sun.misc.Unsafe.prefetchRead(Ljava/lang/Object;J)V name or signature does not match> (0x91ac7170) thrown at [/HUDSON/workspace/8-2-build-linux-i586/jdk8u101/7261/hotspot/src/share/vm/prims/jni.cpp, line 4
Event: 8.194 Thread 0xb6607800 Exception <a 'java/lang/ArrayIndexOutOfBoundsException': 18> (0x92a01518) thrown at [/HUDSON/workspace/8-2-build-linux-i586/jdk8u101/7261/hotspot/src/share/vm/interpreter/interpreterRuntime.cpp, line 366]
Event: 8.195 Thread 0xb6607800 Exception <a 'java/lang/ArrayIndexOutOfBoundsException': 145> (0x92a02db8) thrown at [/HUDSON/workspace/8-2-build-linux-i586/jdk8u101/7261/hotspot/src/share/vm/interpreter/interpreterRuntime.cpp, line 366]
Event: 8.428 Thread 0xb6607800 Exception <a 'java/lang/ArrayIndexOutOfBoundsException'> (0x92a03e98) thrown at [/HUDSON/workspace/8-2-build-linux-i586/jdk8u101/7261/hotspot/src/share/vm/runtime/sharedRuntime.cpp, line 605]

Events (10 events):
Event: 25.283 Thread 0xb6607800 Uncommon trap: trap_request=0xffffffc6 fr.pc=0xa774b85c
Event: 25.283 Thread 0xb6607800 DEOPT PACKING pc=0xa774b85c sp=0xb675d790
Event: 25.283 Thread 0xb6607800 DEOPT UNPACKING pc=0xa75ade55 sp=0xb675d710 mode 2
Event: 27.051 Thread 0xb6607800 DEOPT PACKING pc=0xa77a91a9 sp=0xb675d7d0
Event: 27.051 Thread 0xb6607800 DEOPT UNPACKING pc=0xa75af850 sp=0xb675d6ac mode 0
Event: 27.076 Thread 0xb6607800 DEOPT PACKING pc=0xa77a91a9 sp=0xb675d6b0
Event: 27.076 Thread 0xb6607800 DEOPT UNPACKING pc=0xa75af850 sp=0xb675d58c mode 0
Event: 27.228 Thread 0xb6607800 Uncommon trap: trap_request=0xffffff65 fr.pc=0xa7aa9ac8
Event: 27.228 Thread 0xb6607800 DEOPT PACKING pc=0xa7aa9ac8 sp=0xb675d5d0
Event: 27.228 Thread 0xb6607800 DEOPT UNPACKING pc=0xa75ade55 sp=0xb675d534 mode 2


Dynamic libraries:
08048000-08049000 r-xp 00000000 08:03 1071514    /usr/lib/jvm/java-8-oracle/bin/java
08049000-0804a000 rw-p 00000000 08:03 1071514    /usr/lib/jvm/java-8-oracle/bin/java
082ef000-08310000 rw-p 00000000 00:00 0          [heap]
62000000-620e1000 rw-p 00000000 00:00 0 
620e1000-62100000 ---p 00000000 00:00 0 
62200000-622f9000 rw-p 00000000 00:00 0 
622f9000-62300000 ---p 00000000 00:00 0 
62300000-623ff000 rw-p 00000000 00:00 0 
623ff000-62400000 ---p 00000000 00:00 0 
62400000-624c8000 rw-p 00000000 00:00 0 
624c8000-62500000 ---p 00000000 00:00 0 
62500000-625fe000 rw-p 00000000 00:00 0 
625fe000-62600000 ---p 00000000 00:00 0 
62600000-626eb000 rw-p 00000000 00:00 0 
626eb000-62700000 ---p 00000000 00:00 0 
62700000-627fd000 rw-p 00000000 00:00 0 
627fd000-62800000 ---p 00000000 00:00 0 
62800000-628c7000 rw-p 00000000 00:00 0 
628c7000-62900000 ---p 00000000 00:00 0 
62900000-629f5000 rw-p 00000000 00:00 0 
629f5000-62a00000 ---p 00000000 00:00 0 
62a00000-62afc000 rw-p 00000000 00:00 0 
62afc000-62b00000 ---p 00000000 00:00 0 
62b00000-62c00000 rw-p 00000000 00:00 0 
62d00000-62df8000 rw-p 00000000 00:00 0 
62df8000-62e00000 ---p 00000000 00:00 0 
62e00000-62eff000 rw-p 00000000 00:00 0 
62eff000-62f00000 ---p 00000000 00:00 0 
62f00000-630f9000 rw-p 00000000 00:00 0 
630f9000-63100000 ---p 00000000 00:00 0 
63100000-6316e000 rw-p 00000000 00:00 0 
6316e000-63200000 ---p 00000000 00:00 0 
6323b000-6323c000 ---p 00000000 00:00 0 
6323c000-632bc000 rw-p 00000000 00:00 0          [stack:32219]
632bc000-632bf000 ---p 00000000 00:00 0 
632bf000-6330d000 rw-p 00000000 00:00 0          [stack:32213]
6330d000-63310000 ---p 00000000 00:00 0 
63310000-6338e000 rw-p 00000000 00:00 0          [stack:32209]
6338e000-63391000 ---p 00000000 00:00 0 
63391000-6340f000 rw-p 00000000 00:00 0          [stack:32206]
6340f000-63412000 ---p 00000000 00:00 0 
63412000-63490000 rw-p 00000000 00:00 0          [stack:32205]
63490000-63600000 r--p 00525000 08:03 932228     /usr/lib/locale/locale-archive
63600000-63800000 r--p 00000000 08:03 932228     /usr/lib/locale/locale-archive
63800000-638f8000 rw-p 00000000 00:00 0 
638f8000-63900000 ---p 00000000 00:00 0 
63900000-63921000 rw-p 00000000 00:00 0 
63921000-63a00000 ---p 00000000 00:00 0 
63a00000-63b00000 rw-p 00000000 00:00 0 
63b09000-63b0c000 ---p 00000000 00:00 0 
63b0c000-63b5a000 rw-p 00000000 00:00 0          [stack:32196]
63b5a000-63b5b000 ---p 00000000 00:00 0 
63b5b000-63bdb000 rw-p 00000000 00:00 0          [stack:32185]
63bdb000-63db4000 r--s 03d29000 08:03 1071867    /usr/lib/jvm/java-8-oracle/jre/lib/rt.jar
63db4000-6419a000 rw-p 00000000 00:00 0 
6419a000-64200000 ---p 00000000 00:00 0 
64200000-66600000 rw-p 00000000 00:00 0 
66600000-666fe000 rw-p 00000000 00:00 0 
666fe000-66700000 ---p 00000000 00:00 0 
6672e000-66731000 ---p 00000000 00:00 0 
66731000-6677f000 rw-p 00000000 00:00 0          [stack:32195]
6677f000-66780000 ---p 00000000 00:00 0 
66780000-66800000 rw-p 00000000 00:00 0          [stack:32155]
66800000-668fa000 rw-p 00000000 00:00 0 
668fa000-66900000 ---p 00000000 00:00 0 
6692e000-66931000 ---p 00000000 00:00 0 
66931000-6697f000 rw-p 00000000 00:00 0          [stack:32190]
6697f000-66980000 ---p 00000000 00:00 0 
66980000-66a00000 rw-p 00000000 00:00 0          [stack:32153]
66a00000-66a21000 rw-p 00000000 00:00 0 
66a21000-66b00000 ---p 00000000 00:00 0 
66b30000-66b7f000 rw-p 00000000 00:00 0 
66b7f000-66b80000 ---p 00000000 00:00 0 
66b80000-66c00000 rw-p 00000000 00:00 0          [stack:32152]
66c00000-66c21000 rw-p 00000000 00:00 0 
66c21000-66d00000 ---p 00000000 00:00 0 
66d23000-66d7e000 rw-p 00000000 00:00 0 
66d7e000-66d7f000 ---p 00000000 00:00 0 
66d7f000-66e14000 rw-p 00000000 00:00 0          [stack:32144]
66e14000-66f54000 ---p 00000000 00:00 0 
66f54000-66f76000 rw-p 00000000 00:00 0 
66f76000-66fff000 ---p 00000000 00:00 0 
66fff000-69980000 rw-p 00000000 00:00 0 
69980000-91ac0000 ---p 00000000 00:00 0 
91ac0000-95dc0000 rw-p 00000000 00:00 0 
95dc0000-a7000000 ---p 00000000 00:00 0 
a703e000-a7045000 r--s 0004f000 08:03 2790739    /home/minhnn/Documents/Projects/Android/A1/app/build/intermediates/exploded-aar/com.android.support/appcompat-v7/18.0.0/jars/classes.jar
a7045000-a7072000 rw-p 00000000 00:00 0 
a7072000-a71b3000 ---p 00000000 00:00 0 
a71b3000-a71c9000 rw-p 00000000 00:00 0 
a71c9000-a7573000 ---p 00000000 00:00 0 
a7573000-a7abb000 rwxp 00000000 00:00 0 
a7ac3000-b6573000 ---p 00000000 00:00 0 
b6573000-b658c000 r-xp 00000000 08:03 1071698    /usr/lib/jvm/java-8-oracle/jre/lib/i386/libzip.so
b658c000-b658d000 rw-p 00019000 08:03 1071698    /usr/lib/jvm/java-8-oracle/jre/lib/i386/libzip.so
b658d000-b6597000 r-xp 00000000 08:03 1591206    /lib/i386-linux-gnu/libnss_files-2.19.so
b6597000-b6598000 r--p 00009000 08:03 1591206    /lib/i386-linux-gnu/libnss_files-2.19.so
b6598000-b6599000 rw-p 0000a000 08:03 1591206    /lib/i386-linux-gnu/libnss_files-2.19.so
b6599000-b65a3000 r-xp 00000000 08:03 1591198    /lib/i386-linux-gnu/libnss_nis-2.19.so
b65a3000-b65a4000 r--p 00009000 08:03 1591198    /lib/i386-linux-gnu/libnss_nis-2.19.so
b65a4000-b65a5000 rw-p 0000a000 08:03 1591198    /lib/i386-linux-gnu/libnss_nis-2.19.so
b65a5000-b65ba000 r-xp 00000000 08:03 1591194    /lib/i386-linux-gnu/libnsl-2.19.so
b65ba000-b65bb000 r--p 00015000 08:03 1591194    /lib/i386-linux-gnu/libnsl-2.19.so
b65bb000-b65bc000 rw-p 00016000 08:03 1591194    /lib/i386-linux-gnu/libnsl-2.19.so
b65bc000-b65be000 rw-p 00000000 00:00 0 
b65c4000-b65d3000 r--s 000dd000 08:03 1065539    /home/minhnn/Android/Sdk/build-tools/21.1.2/lib/dx.jar
b65d3000-b65db000 rw-s 00000000 00:13 2349965    /tmp/hsperfdata_minhnn/32037
b65db000-b65ff000 r-xp 00000000 08:03 1071672    /usr/lib/jvm/java-8-oracle/jre/lib/i386/libjava.so
b65ff000-b6600000 rw-p 00023000 08:03 1071672    /usr/lib/jvm/java-8-oracle/jre/lib/i386/libjava.so
b6600000-b66fb000 rw-p 00000000 00:00 0 
b66fb000-b6700000 ---p 00000000 00:00 0 
b6705000-b670c000 r-xp 00000000 08:03 1591202    /lib/i386-linux-gnu/librt-2.19.so
b670c000-b670d000 r--p 00006000 08:03 1591202    /lib/i386-linux-gnu/librt-2.19.so
b670d000-b670e000 rw-p 00007000 08:03 1591202    /lib/i386-linux-gnu/librt-2.19.so
b670e000-b6711000 ---p 00000000 00:00 0 
b6711000-b675f000 rw-p 00000000 00:00 0          [stack:32138]
b675f000-b67a3000 r-xp 00000000 08:03 1591125    /lib/i386-linux-gnu/libm-2.19.so
b67a3000-b67a4000 r--p 00043000 08:03 1591125    /lib/i386-linux-gnu/libm-2.19.so
b67a4000-b67a5000 rw-p 00044000 08:03 1591125    /lib/i386-linux-gnu/libm-2.19.so
b67a5000-b712e000 r-xp 00000000 08:03 1071683    /usr/lib/jvm/java-8-oracle/jre/lib/i386/server/libjvm.so
b712e000-b719b000 rw-p 00989000 08:03 1071683    /usr/lib/jvm/java-8-oracle/jre/lib/i386/server/libjvm.so
b719b000-b75c4000 rw-p 00000000 00:00 0 
b75c4000-b776c000 r-xp 00000000 08:03 1591203    /lib/i386-linux-gnu/libc-2.19.so
b776c000-b776d000 ---p 001a8000 08:03 1591203    /lib/i386-linux-gnu/libc-2.19.so
b776d000-b776f000 r--p 001a8000 08:03 1591203    /lib/i386-linux-gnu/libc-2.19.so
b776f000-b7770000 rw-p 001aa000 08:03 1591203    /lib/i386-linux-gnu/libc-2.19.so
b7770000-b7773000 rw-p 00000000 00:00 0 
b7773000-b7776000 r-xp 00000000 08:03 1591190    /lib/i386-linux-gnu/libdl-2.19.so
b7776000-b7777000 r--p 00002000 08:03 1591190    /lib/i386-linux-gnu/libdl-2.19.so
b7777000-b7778000 rw-p 00003000 08:03 1591190    /lib/i386-linux-gnu/libdl-2.19.so
b7778000-b778c000 r-xp 00000000 08:03 1070788    /usr/lib/jvm/java-8-oracle/lib/i386/jli/libjli.so
b778c000-b778d000 rw-p 00014000 08:03 1070788    /usr/lib/jvm/java-8-oracle/lib/i386/jli/libjli.so
b778d000-b778e000 rw-p 00000000 00:00 0 
b778e000-b77a6000 r-xp 00000000 08:03 1591195    /lib/i386-linux-gnu/libpthread-2.19.so
b77a6000-b77a7000 r--p 00018000 08:03 1591195    /lib/i386-linux-gnu/libpthread-2.19.so
b77a7000-b77a8000 rw-p 00019000 08:03 1591195    /lib/i386-linux-gnu/libpthread-2.19.so
b77a8000-b77aa000 rw-p 00000000 00:00 0 
b77b0000-b77b7000 r-xp 00000000 08:03 1591193    /lib/i386-linux-gnu/libnss_compat-2.19.so
b77b7000-b77b8000 r--p 00006000 08:03 1591193    /lib/i386-linux-gnu/libnss_compat-2.19.so
b77b8000-b77b9000 rw-p 00007000 08:03 1591193    /lib/i386-linux-gnu/libnss_compat-2.19.so
b77b9000-b77ba000 rw-p 00000000 00:00 0 
b77ba000-b77bb000 ---p 00000000 00:00 0 
b77bb000-b77c6000 r-xp 00000000 08:03 1071694    /usr/lib/jvm/java-8-oracle/jre/lib/i386/libverify.so
b77c6000-b77c7000 rw-p 0000b000 08:03 1071694    /usr/lib/jvm/java-8-oracle/jre/lib/i386/libverify.so
b77c7000-b77c9000 rw-p 00000000 00:00 0 
b77c9000-b77ca000 r-xp 00000000 00:00 0          [vdso]
b77ca000-b77ea000 r-xp 00000000 08:03 1591196    /lib/i386-linux-gnu/ld-2.19.so
b77ea000-b77eb000 r--p 0001f000 08:03 1591196    /lib/i386-linux-gnu/ld-2.19.so
b77eb000-b77ec000 rw-p 00020000 08:03 1591196    /lib/i386-linux-gnu/ld-2.19.so
bfbfc000-bfbfd000 rwxp 00000000 00:00 0 
bfc2f000-bfc50000 rw-p 00000000 00:00 0          [stack]

VM Arguments:
jvm_args: -Djava.awt.headless=true -Xmx1024M -Dfile.encoding=UTF-8 -Duser.country=US -Duser.language=en -Duser.variant 
java_command: com.android.dx.command.Main --dex --force-jumbo --output /home/minhnn/Documents/Projects/Android/A1/app/build/intermediates/pre-dexed/debug/com.android.support-appcompat-v7-18.0.0_302993c47671e9613de0ba7fa5936be102d23050.jar /home/minhnn/Documents/Projects/Android/A1/app/build/intermediates/exploded-aar/com.android.support/appcompat-v7/18.0.0/jars/classes.jar
java_class_path (initial): /home/minhnn/Android/Sdk/build-tools/21.1.2/lib/dx.jar
Launcher Type: SUN_STANDARD

Environment Variables:
JAVA_HOME=/usr/lib/jvm/java-8-oracle
PATH=/usr/local/sbin:/usr/local/bin:/usr/sbin:/usr/bin:/sbin:/bin:/usr/games:/usr/local/games
LD_LIBRARY_PATH=/mnt/E/Mobile SDK/Android/android-studio-for-ubuntu/bin:
SHELL=/bin/bash
DISPLAY=:0

Signal Handlers:
SIGSEGV: [libjvm.so+0x8d4e30], sa_mask[0]=11111111011111111101111111111110, sa_flags=SA_RESTART|SA_SIGINFO
SIGBUS: [libjvm.so+0x8d4e30], sa_mask[0]=11111111011111111101111111111110, sa_flags=SA_RESTART|SA_SIGINFO
SIGFPE: [libjvm.so+0x753000], sa_mask[0]=11111111011111111101111111111110, sa_flags=SA_RESTART|SA_SIGINFO
SIGPIPE: [libjvm.so+0x753000], sa_mask[0]=11111111011111111101111111111110, sa_flags=SA_RESTART|SA_SIGINFO
SIGXFSZ: [libjvm.so+0x753000], sa_mask[0]=11111111011111111101111111111110, sa_flags=SA_RESTART|SA_SIGINFO
SIGILL: [libjvm.so+0x753000], sa_mask[0]=11111111011111111101111111111110, sa_flags=SA_RESTART|SA_SIGINFO
SIGUSR1: SIG_DFL, sa_mask[0]=00000000000000000000000000000000, sa_flags=none
SIGUSR2: [libjvm.so+0x754680], sa_mask[0]=00100000000000000000000000000000, sa_flags=SA_RESTART|SA_SIGINFO
SIGHUP: [libjvm.so+0x755b30], sa_mask[0]=11111111011111111101111111111110, sa_flags=SA_RESTART|SA_SIGINFO
SIGINT: [libjvm.so+0x755b30], sa_mask[0]=11111111011111111101111111111110, sa_flags=SA_RESTART|SA_SIGINFO
SIGTERM: [libjvm.so+0x755b30], sa_mask[0]=11111111011111111101111111111110, sa_flags=SA_RESTART|SA_SIGINFO
SIGQUIT: [libjvm.so+0x755b30], sa_mask[0]=11111111011111111101111111111110, sa_flags=SA_RESTART|SA_SIGINFO


---------------  S Y S T E M  ---------------

OS:DISTRIB_ID=Ubuntu
DISTRIB_RELEASE=14.04
DISTRIB_CODENAME=trusty
DISTRIB_DESCRIPTION="Ubuntu 14.04.5 LTS"

uname:Linux 3.13.0-96-generic #143-Ubuntu SMP Mon Aug 29 20:15:47 UTC 2016 i686
libc:glibc 2.19 NPTL 2.19 
rlimit: STACK 8192k, CORE 0k, NPROC 31219, NOFILE 4096, AS infinity
load average:26.62 9.54 4.73

/proc/meminfo:
MemTotal:        4016468 kB
MemFree:          197084 kB
Buffers:             448 kB
Cached:           231864 kB
SwapCached:            0 kB
Active:          3485388 kB
Inactive:         217716 kB
Active(anon):    3481220 kB
Inactive(anon):   197924 kB
Active(file):       4168 kB
Inactive(file):    19792 kB
Unevictable:        3368 kB
Mlocked:            3368 kB
HighTotal:       3166220 kB
HighFree:          31568 kB
LowTotal:         850248 kB
LowFree:          165516 kB
SwapTotal:             0 kB
SwapFree:              0 kB
Dirty:               240 kB
Writeback:             0 kB
AnonPages:       3474348 kB
Mapped:           184480 kB
Shmem:            205836 kB
Slab:              55128 kB
SReclaimable:      25352 kB
SUnreclaim:        29776 kB
KernelStack:        6640 kB
PageTables:        22428 kB
NFS_Unstable:          0 kB
Bounce:              300 kB
WritebackTmp:          0 kB
CommitLimit:     2008232 kB
Committed_AS:    9962860 kB
VmallocTotal:     122880 kB
VmallocUsed:       19252 kB
VmallocChunk:      40412 kB
HardwareCorrupted:     0 kB
AnonHugePages:    841728 kB
HugePages_Total:       0
HugePages_Free:        0
HugePages_Rsvd:        0
HugePages_Surp:        0
Hugepagesize:       2048 kB
DirectMap4k:       57336 kB
DirectMap2M:      854016 kB


CPU:total 4 (2 cores per cpu, 2 threads per core) family 6 model 58 stepping 9, cmov, cx8, fxsr, mmx, sse, sse2, sse3, ssse3, sse4.1, sse4.2, popcnt, avx, aes, clmul, erms, ht, tsc, tscinvbit, tscinv

/proc/cpuinfo:
processor	: 0
vendor_id	: GenuineIntel
cpu family	: 6
model		: 58
model name	: Intel(R) Core(TM) i5-3210M CPU @ 2.50GHz
stepping	: 9
microcode	: 0x12
cpu MHz		: 2501.000
cache size	: 3072 KB
physical id	: 0
siblings	: 4
core id		: 0
cpu cores	: 2
apicid		: 0
initial apicid	: 0
fdiv_bug	: no
f00f_bug	: no
coma_bug	: no
fpu		: yes
fpu_exception	: yes
cpuid level	: 13
wp		: yes
flags		: fpu vme de pse tsc msr pae mce cx8 apic sep mtrr pge mca cmov pat pse36 clflush dts acpi mmx fxsr sse sse2 ss ht tm pbe nx rdtscp lm constant_tsc arch_perfmon pebs bts xtopology nonstop_tsc aperfmperf eagerfpu pni pclmulqdq dtes64 monitor ds_cpl vmx est tm2 ssse3 cx16 xtpr pdcm pcid sse4_1 sse4_2 x2apic popcnt tsc_deadline_timer aes xsave avx f16c rdrand lahf_lm ida arat epb xsaveopt pln pts dtherm tpr_shadow vnmi flexpriority ept vpid fsgsbase smep erms
bogomips	: 4988.49
clflush size	: 64
cache_alignment	: 64
address sizes	: 36 bits physical, 48 bits virtual
power management:

processor	: 1
vendor_id	: GenuineIntel
cpu family	: 6
model		: 58
model name	: Intel(R) Core(TM) i5-3210M CPU @ 2.50GHz
stepping	: 9
microcode	: 0x12
cpu MHz		: 2501.000
cache size	: 3072 KB
physical id	: 0
siblings	: 4
core id		: 1
cpu cores	: 2
apicid		: 2
initial apicid	: 2
fdiv_bug	: no
f00f_bug	: no
coma_bug	: no
fpu		: yes
fpu_exception	: yes
cpuid level	: 13
wp		: yes
flags		: fpu vme de pse tsc msr pae mce cx8 apic sep mtrr pge mca cmov pat pse36 clflush dts acpi mmx fxsr sse sse2 ss ht tm pbe nx rdtscp lm constant_tsc arch_perfmon pebs bts xtopology nonstop_tsc aperfmperf eagerfpu pni pclmulqdq dtes64 monitor ds_cpl vmx est tm2 ssse3 cx16 xtpr pdcm pcid sse4_1 sse4_2 x2apic popcnt tsc_deadline_timer aes xsave avx f16c rdrand lahf_lm ida arat epb xsaveopt pln pts dtherm tpr_shadow vnmi flexpriority ept vpid fsgsbase smep erms
bogomips	: 4988.49
clflush size	: 64
cache_alignment	: 64
address sizes	: 36 bits physical, 48 bits virtual
power management:

processor	: 2
vendor_id	: GenuineIntel
cpu family	: 6
model		: 58
model name	: Intel(R) Core(TM) i5-3210M CPU @ 2.50GHz
stepping	: 9
microcode	: 0x12
cpu MHz		: 2501.000
cache size	: 3072 KB
physical id	: 0
siblings	: 4
core id		: 0
cpu cores	: 2
apicid		: 1
initial apicid	: 1
fdiv_bug	: no
f00f_bug	: no
coma_bug	: no
fpu		: yes
fpu_exception	: yes
cpuid level	: 13
wp		: yes
flags		: fpu vme de pse tsc msr pae mce cx8 apic sep mtrr pge mca cmov pat pse36 clflush dts acpi mmx fxsr sse sse2 ss ht tm pbe nx rdtscp lm constant_tsc arch_perfmon pebs bts xtopology nonstop_tsc aperfmperf eagerfpu pni pclmulqdq dtes64 monitor ds_cpl vmx est tm2 ssse3 cx16 xtpr pdcm pcid sse4_1 sse4_2 x2apic popcnt tsc_deadline_timer aes xsave avx f16c rdrand lahf_lm ida arat epb xsaveopt pln pts dtherm tpr_shadow vnmi flexpriority ept vpid fsgsbase smep erms
bogomips	: 4988.49
clflush size	: 64
cache_alignment	: 64
address sizes	: 36 bits physical, 48 bits virtual
power management:

processor	: 3
vendor_id	: GenuineIntel
cpu family	: 6
model		: 58
model name	: Intel(R) Core(TM) i5-3210M CPU @ 2.50GHz
stepping	: 9
microcode	: 0x12
cpu MHz		: 2501.000
cache size	: 3072 KB
physical id	: 0
siblings	: 4
core id		: 1
cpu cores	: 2
apicid		: 3
initial apicid	: 3
fdiv_bug	: no
f00f_bug	: no
coma_bug	: no
fpu		: yes
fpu_exception	: yes
cpuid level	: 13
wp		: yes
flags		: fpu vme de pse tsc msr pae mce cx8 apic sep mtrr pge mca cmov pat pse36 clflush dts acpi mmx fxsr sse sse2 ss ht tm pbe nx rdtscp lm constant_tsc arch_perfmon pebs bts xtopology nonstop_tsc aperfmperf eagerfpu pni pclmulqdq dtes64 monitor ds_cpl vmx est tm2 ssse3 cx16 xtpr pdcm pcid sse4_1 sse4_2 x2apic popcnt tsc_deadline_timer aes xsave avx f16c rdrand lahf_lm ida arat epb xsaveopt pln pts dtherm tpr_shadow vnmi flexpriority ept vpid fsgsbase smep erms
bogomips	: 4988.49
clflush size	: 64
cache_alignment	: 64
address sizes	: 36 bits physical, 48 bits virtual
power management:



Memory: 4k page, physical 4016468k(197084k free), swap 0k(0k free)

vm_info: Java HotSpot(TM) Server VM (25.101-b13) for linux-x86 JRE (1.8.0_101-b13), built on Jun 22 2016 02:31:35 by "java_re" with gcc 4.3.0 20080428 (Red Hat 4.3.0-8)

time: Sat Oct  8 22:51:57 2016
elapsed time: 62 seconds (0d 0h 1m 2s)

